[  +22 ms] Artifact Instance of 'MaterialFonts' is not required, skipping update.
[   +5 ms] Artifact Instance of 'GradleWrapper' is not required, skipping update.
[        ] Artifact Instance of 'AndroidGenSnapshotArtifacts' is not required, skipping update.
[        ] Artifact Instance of 'AndroidInternalBuildArtifacts' is not required, skipping update.
[        ] Artifact Instance of 'IOSEngineArtifacts' is not required, skipping update.
[        ] Artifact Instance of 'FlutterWebSdk' is not required, skipping update.
[        ] Artifact Instance of 'LegacyCanvasKitRemover' is not required, skipping update.
[        ] Artifact Instance of 'FlutterSdk' is not required, skipping update.
[        ] Artifact Instance of 'WindowsEngineArtifacts' is not required, skipping update.
[        ] Artifact Instance of 'MacOSEngineArtifacts' is not required, skipping update.
[        ] Artifact Instance of 'LinuxEngineArtifacts' is not required, skipping update.
[        ] Artifact Instance of 'LinuxFuchsiaSDKArtifacts' is not required, skipping update.
[        ] Artifact Instance of 'MacOSFuchsiaSDKArtifacts' is not required, skipping update.
[        ] Artifact Instance of 'FlutterRunnerSDKArtifacts' is not required, skipping update.
[        ] Artifact Instance of 'FlutterRunnerDebugSymbols' is not required, skipping update.
[        ] Artifact Instance of 'IosUsbArtifacts' is not required, skipping update.
[        ] Artifact Instance of 'IosUsbArtifacts' is not required, skipping update.
[        ] Artifact Instance of 'IosUsbArtifacts' is not required, skipping update.
[        ] Artifact Instance of 'IosUsbArtifacts' is not required, skipping update.
[        ] Artifact Instance of 'IosUsbArtifacts' is not required, skipping update.
[        ] Artifact Instance of 'IosUsbArtifacts' is not required, skipping update.
[        ] Artifact Instance of 'FontSubsetArtifacts' is not required, skipping update.
[        ] Artifact Instance of 'PubDependencies' is not required, skipping update.
[  +12 ms] Artifact Instance of 'AndroidGenSnapshotArtifacts' is not required, skipping update.
[        ] Artifact Instance of 'AndroidInternalBuildArtifacts' is not required, skipping update.
[        ] Artifact Instance of 'IOSEngineArtifacts' is not required, skipping update.
[        ] Artifact Instance of 'FlutterWebSdk' is not required, skipping update.
[        ] Artifact Instance of 'FlutterEngineStamp' is not required, skipping update.
[        ] Artifact Instance of 'LegacyCanvasKitRemover' is not required, skipping update.
[   +1 ms] Artifact Instance of 'WindowsEngineArtifacts' is not required, skipping update.
[        ] Artifact Instance of 'MacOSEngineArtifacts' is not required, skipping update.
[        ] Artifact Instance of 'LinuxEngineArtifacts' is not required, skipping update.
[        ] Artifact Instance of 'LinuxFuchsiaSDKArtifacts' is not required, skipping update.
[        ] Artifact Instance of 'MacOSFuchsiaSDKArtifacts' is not required, skipping update.
[        ] Artifact Instance of 'FlutterRunnerSDKArtifacts' is not required, skipping update.
[        ] Artifact Instance of 'FlutterRunnerDebugSymbols' is not required, skipping update.
[  +40 ms] Artifact Instance of 'MaterialFonts' is not required, skipping update.
[        ] Artifact Instance of 'GradleWrapper' is not required, skipping update.
[        ] Artifact Instance of 'AndroidGenSnapshotArtifacts' is not required, skipping update.
[        ] Artifact Instance of 'AndroidInternalBuildArtifacts' is not required, skipping update.
[        ] Artifact Instance of 'IOSEngineArtifacts' is not required, skipping update.
[        ] Artifact Instance of 'FlutterWebSdk' is not required, skipping update.
[        ] Artifact Instance of 'FlutterEngineStamp' is not required, skipping update.
[        ] Artifact Instance of 'LegacyCanvasKitRemover' is not required, skipping update.
[        ] Artifact Instance of 'FlutterSdk' is not required, skipping update.
[   +1 ms] Artifact Instance of 'MacOSEngineArtifacts' is not required, skipping update.
[        ] Artifact Instance of 'LinuxEngineArtifacts' is not required, skipping update.
[        ] Artifact Instance of 'LinuxFuchsiaSDKArtifacts' is not required, skipping update.
[        ] Artifact Instance of 'MacOSFuchsiaSDKArtifacts' is not required, skipping update.
[        ] Artifact Instance of 'FlutterRunnerSDKArtifacts' is not required, skipping update.
[        ] Artifact Instance of 'FlutterRunnerDebugSymbols' is not required, skipping update.
[        ] Artifact Instance of 'IosUsbArtifacts' is not required, skipping update.
[        ] Artifact Instance of 'IosUsbArtifacts' is not required, skipping update.
[        ] Artifact Instance of 'IosUsbArtifacts' is not required, skipping update.
[        ] Artifact Instance of 'IosUsbArtifacts' is not required, skipping update.
[        ] Artifact Instance of 'IosUsbArtifacts' is not required, skipping update.
[        ] Artifact Instance of 'IosUsbArtifacts' is not required, skipping update.
[        ] Artifact Instance of 'FontSubsetArtifacts' is not required, skipping update.
[        ] Artifact Instance of 'PubDependencies' is not required, skipping update.
[  +17 ms] executing: [D:\a\wedding\wedding/] C:\hostedtoolcache\windows\flutter\stable-3.41.9-x64\flutter\bin\cache\dart-sdk\bin\dart pub --suppress-analytics --directory . get --example
Resolving dependencies...
Downloading packages...
  _fe_analyzer_shared 85.0.0 (104.0.0 available)
  _flutterfire_internals 1.3.59 (1.3.73 available)
  analyzer 7.6.0 (14.0.0 available)
  analyzer_plugin 0.13.4 (0.14.13 available)
  archive 3.6.1 (4.0.9 available)
  build 2.4.2 (4.0.6 available)
  build_config 1.1.2 (1.3.0 available)
  build_resolvers 2.4.4 (3.0.4 available)
  build_runner 2.4.14 (2.15.0 available)
  build_runner_core 8.0.0 (9.3.2 available)
  cached_network_image 3.4.0 (3.4.1 available)
  cached_network_image_web 1.3.0 (1.3.1 available)
  cloud_firestore 5.6.12 (6.6.0 available)
  cloud_firestore_platform_interface 6.6.12 (8.0.3 available)
  cloud_firestore_web 4.4.12 (5.6.0 available)
  custom_lint_core 0.7.5 (0.8.2 available)
  custom_lint_visitor 1.0.0+7.7.0 (1.0.0+9.0.0 available)
  dart_style 3.1.1 (3.1.9 available)
  firebase_auth 5.7.0 (6.5.4 available)
  firebase_auth_platform_interface 7.7.3 (9.0.3 available)
  firebase_auth_web 5.15.3 (6.2.3 available)
  firebase_core 3.15.2 (4.11.0 available)
  firebase_core_platform_interface 6.0.3 (7.1.0 available)
  firebase_core_web 2.24.1 (3.9.0 available)
  fl_chart 0.68.0 (1.2.0 available)
  flutter_lints 4.0.0 (6.0.0 available)
  flutter_riverpod 2.6.1 (3.3.2 available)
  fluttertoast 8.2.14 (9.1.0 available)
  google_sign_in 6.3.0 (7.2.0 available)
  google_sign_in_android 6.2.1 (7.2.13 available)
  google_sign_in_ios 5.9.0 (6.3.0 available)
  google_sign_in_platform_interface 2.5.0 (3.1.0 available)
  google_sign_in_web 0.12.4+4 (1.1.3 available)
  image 4.3.0 (4.9.1 available)
  intl 0.19.0 (0.20.3 available)
  jiffy 6.3.2 (6.4.5 available)
  lints 4.0.0 (6.1.0 available)
  matcher 0.12.19 (0.12.20 available)
  meta 1.17.0 (1.18.3 available)
  mime 1.0.6 (2.0.0 available)
  package_config 2.2.0 (3.0.0 available)
  pdf 3.12.0 (3.13.0 available)
  printing 5.14.3 (5.15.0 available)
  qr 3.0.2 (4.0.0 available)
  riverpod 2.6.1 (3.3.2 available)
  riverpod_annotation 2.6.1 (4.0.3 available)
  riverpod_generator 2.6.5 (4.0.4 available)
  share_plus 10.1.4 (13.2.0 available)
  share_plus_platform_interface 5.0.2 (7.1.0 available)
  shared_preferences_android 2.4.23 (2.4.26 available)
  shelf_web_socket 2.0.1 (3.0.0 available)
  sign_in_with_apple 6.1.4 (8.1.0 available)
  sign_in_with_apple_platform_interface 1.1.0 (2.0.0 available)
  sign_in_with_apple_web 2.1.1 (3.0.0 available)
  source_gen 2.0.0 (4.2.3 available)
  sqflite 2.4.2+1 (2.4.3 available)
  sqflite_android 2.4.2+3 (2.4.3 available)
  sqflite_common 2.5.8 (2.5.11 available)
  sqflite_darwin 2.4.2 (2.4.3 available)
  sqflite_platform_interface 2.4.0 (2.4.1 available)
  syncfusion_flutter_core 26.2.14 (33.2.15 available)
  syncfusion_flutter_xlsio 26.2.14 (33.2.15 available)
  syncfusion_officecore 26.2.14 (33.2.15 available)
  synchronized 3.4.0+1 (3.4.1 available)
  table_calendar 3.1.3 (3.2.0 available)
  test_api 0.7.10 (0.7.12 available)
  vector_math 2.2.0 (2.4.0 available)
  win32 5.15.0 (6.3.0 available)
  xml 6.6.1 (7.0.1 available)
Got dependencies!
69 packages have newer versions incompatible with dependency constraints.
Try `flutter pub outdated` for more information.
[ +679 ms] Found plugin sign_in_with_apple at C:\Users\runneradmin\AppData\Local\Pub\Cache\hosted\pub.dev\sign_in_with_apple-6.1.4\
[   +5 ms] Found plugin sign_in_with_apple_web at C:\Users\runneradmin\AppData\Local\Pub\Cache\hosted\pub.dev\sign_in_with_apple_web-2.1.1\
[   +4 ms] Found plugin shared_preferences at C:\Users\runneradmin\AppData\Local\Pub\Cache\hosted\pub.dev\shared_preferences-2.5.5\
[   +1 ms] Found plugin shared_preferences_windows at C:\Users\runneradmin\AppData\Local\Pub\Cache\hosted\pub.dev\shared_preferences_windows-2.4.1\
[   +2 ms] Found plugin path_provider_windows at C:\Users\runneradmin\AppData\Local\Pub\Cache\hosted\pub.dev\path_provider_windows-2.3.0\
[   +3 ms] Found plugin shared_preferences_web at C:\Users\runneradmin\AppData\Local\Pub\Cache\hosted\pub.dev\shared_preferences_web-2.4.3\
[   +1 ms] Found plugin shared_preferences_linux at C:\Users\runneradmin\AppData\Local\Pub\Cache\hosted\pub.dev\shared_preferences_linux-2.4.1\
[   +1 ms] Found plugin path_provider_linux at C:\Users\runneradmin\AppData\Local\Pub\Cache\hosted\pub.dev\path_provider_linux-2.2.2\
[   +2 ms] Found plugin shared_preferences_foundation at C:\Users\runneradmin\AppData\Local\Pub\Cache\hosted\pub.dev\shared_preferences_foundation-2.5.6\
[   +1 ms] Found plugin shared_preferences_android at C:\Users\runneradmin\AppData\Local\Pub\Cache\hosted\pub.dev\shared_preferences_android-2.4.23\
[   +1 ms] Found plugin share_plus at C:\Users\runneradmin\AppData\Local\Pub\Cache\hosted\pub.dev\share_plus-10.1.4\
[   +2 ms] Found plugin url_launcher_windows at C:\Users\runneradmin\AppData\Local\Pub\Cache\hosted\pub.dev\url_launcher_windows-3.1.5\
[   +2 ms] Found plugin url_launcher_web at C:\Users\runneradmin\AppData\Local\Pub\Cache\hosted\pub.dev\url_launcher_web-2.4.3\
[   +1 ms] Found plugin url_launcher_linux at C:\Users\runneradmin\AppData\Local\Pub\Cache\hosted\pub.dev\url_launcher_linux-3.2.2\
[   +2 ms] Found plugin path_provider at C:\Users\runneradmin\AppData\Local\Pub\Cache\hosted\pub.dev\path_provider-2.1.6\
[   +1 ms] Found plugin path_provider_foundation at C:\Users\runneradmin\AppData\Local\Pub\Cache\hosted\pub.dev\path_provider_foundation-2.6.0\
[   +8 ms] Found plugin path_provider_android at C:\Users\runneradmin\AppData\Local\Pub\Cache\hosted\pub.dev\path_provider_android-2.3.1\
[   +1 ms] Found plugin jni_flutter at C:\Users\runneradmin\AppData\Local\Pub\Cache\hosted\pub.dev\jni_flutter-1.0.1\
[   +1 ms] Found plugin jni at C:\Users\runneradmin\AppData\Local\Pub\Cache\hosted\pub.dev\jni-1.0.0\
[   +2 ms] Found plugin printing at C:\Users\runneradmin\AppData\Local\Pub\Cache\hosted\pub.dev\printing-5.14.3\
[  +11 ms] Found plugin google_sign_in at C:\Users\runneradmin\AppData\Local\Pub\Cache\hosted\pub.dev\google_sign_in-6.3.0\
[   +1 ms] Found plugin google_sign_in_web at C:\Users\runneradmin\AppData\Local\Pub\Cache\hosted\pub.dev\google_sign_in_web-0.12.4+4\
[   +4 ms] Found plugin google_sign_in_ios at C:\Users\runneradmin\AppData\Local\Pub\Cache\hosted\pub.dev\google_sign_in_ios-5.9.0\
[   +1 ms] Found plugin google_sign_in_android at C:\Users\runneradmin\AppData\Local\Pub\Cache\hosted\pub.dev\google_sign_in_android-6.2.1\
[   +1 ms] Found plugin fluttertoast at C:\Users\runneradmin\AppData\Local\Pub\Cache\hosted\pub.dev\fluttertoast-8.2.14\
[  +12 ms] Found plugin firebase_core at C:\Users\runneradmin\AppData\Local\Pub\Cache\hosted\pub.dev\firebase_core-3.15.2\
[   +1 ms] Found plugin firebase_core_web at C:\Users\runneradmin\AppData\Local\Pub\Cache\hosted\pub.dev\firebase_core_web-2.24.1\
[   +3 ms] Found plugin firebase_auth at C:\Users\runneradmin\AppData\Local\Pub\Cache\hosted\pub.dev\firebase_auth-5.7.0\
[   +2 ms] Found plugin firebase_auth_web at C:\Users\runneradmin\AppData\Local\Pub\Cache\hosted\pub.dev\firebase_auth_web-5.15.3\
[   +5 ms] Found plugin cloud_firestore at C:\Users\runneradmin\AppData\Local\Pub\Cache\hosted\pub.dev\cloud_firestore-5.6.12\
[   +1 ms] Found plugin cloud_firestore_web at C:\Users\runneradmin\AppData\Local\Pub\Cache\hosted\pub.dev\cloud_firestore_web-4.4.12\
[   +5 ms] Found plugin sqflite at C:\Users\runneradmin\AppData\Local\Pub\Cache\hosted\pub.dev\sqflite-2.4.2+1\
[   +4 ms] Found plugin sqflite_darwin at C:\Users\runneradmin\AppData\Local\Pub\Cache\hosted\pub.dev\sqflite_darwin-2.4.2\
[   +1 ms] Found plugin sqflite_android at C:\Users\runneradmin\AppData\Local\Pub\Cache\hosted\pub.dev\sqflite_android-2.4.2+3\
[ +115 ms] Found plugin sign_in_with_apple at C:\Users\runneradmin\AppData\Local\Pub\Cache\hosted\pub.dev\sign_in_with_apple-6.1.4\
[   +1 ms] Found plugin sign_in_with_apple_web at C:\Users\runneradmin\AppData\Local\Pub\Cache\hosted\pub.dev\sign_in_with_apple_web-2.1.1\
[   +3 ms] Found plugin shared_preferences at C:\Users\runneradmin\AppData\Local\Pub\Cache\hosted\pub.dev\shared_preferences-2.5.5\
[        ] Found plugin shared_preferences_windows at C:\Users\runneradmin\AppData\Local\Pub\Cache\hosted\pub.dev\shared_preferences_windows-2.4.1\
[   +1 ms] Found plugin path_provider_windows at C:\Users\runneradmin\AppData\Local\Pub\Cache\hosted\pub.dev\path_provider_windows-2.3.0\
[   +2 ms] Found plugin shared_preferences_web at C:\Users\runneradmin\AppData\Local\Pub\Cache\hosted\pub.dev\shared_preferences_web-2.4.3\
[        ] Found plugin shared_preferences_linux at C:\Users\runneradmin\AppData\Local\Pub\Cache\hosted\pub.dev\shared_preferences_linux-2.4.1\
[        ] Found plugin path_provider_linux at C:\Users\runneradmin\AppData\Local\Pub\Cache\hosted\pub.dev\path_provider_linux-2.2.2\
[   +1 ms] Found plugin shared_preferences_foundation at C:\Users\runneradmin\AppData\Local\Pub\Cache\hosted\pub.dev\shared_preferences_foundation-2.5.6\
[        ] Found plugin shared_preferences_android at C:\Users\runneradmin\AppData\Local\Pub\Cache\hosted\pub.dev\shared_preferences_android-2.4.23\
[   +1 ms] Found plugin share_plus at C:\Users\runneradmin\AppData\Local\Pub\Cache\hosted\pub.dev\share_plus-10.1.4\
[   +2 ms] Found plugin url_launcher_windows at C:\Users\runneradmin\AppData\Local\Pub\Cache\hosted\pub.dev\url_launcher_windows-3.1.5\
[   +1 ms] Found plugin url_launcher_web at C:\Users\runneradmin\AppData\Local\Pub\Cache\hosted\pub.dev\url_launcher_web-2.4.3\
[   +1 ms] Found plugin url_launcher_linux at C:\Users\runneradmin\AppData\Local\Pub\Cache\hosted\pub.dev\url_launcher_linux-3.2.2\
[   +1 ms] Found plugin path_provider at C:\Users\runneradmin\AppData\Local\Pub\Cache\hosted\pub.dev\path_provider-2.1.6\
[        ] Found plugin path_provider_foundation at C:\Users\runneradmin\AppData\Local\Pub\Cache\hosted\pub.dev\path_provider_foundation-2.6.0\
[   +3 ms] Found plugin path_provider_android at C:\Users\runneradmin\AppData\Local\Pub\Cache\hosted\pub.dev\path_provider_android-2.3.1\
[   +1 ms] Found plugin jni_flutter at C:\Users\runneradmin\AppData\Local\Pub\Cache\hosted\pub.dev\jni_flutter-1.0.1\
[   +1 ms] Found plugin jni at C:\Users\runneradmin\AppData\Local\Pub\Cache\hosted\pub.dev\jni-1.0.0\
[   +1 ms] Found plugin printing at C:\Users\runneradmin\AppData\Local\Pub\Cache\hosted\pub.dev\printing-5.14.3\
[   +7 ms] Found plugin google_sign_in at C:\Users\runneradmin\AppData\Local\Pub\Cache\hosted\pub.dev\google_sign_in-6.3.0\
[        ] Found plugin google_sign_in_web at C:\Users\runneradmin\AppData\Local\Pub\Cache\hosted\pub.dev\google_sign_in_web-0.12.4+4\
[   +2 ms] Found plugin google_sign_in_ios at C:\Users\runneradmin\AppData\Local\Pub\Cache\hosted\pub.dev\google_sign_in_ios-5.9.0\
[   +1 ms] Found plugin google_sign_in_android at C:\Users\runneradmin\AppData\Local\Pub\Cache\hosted\pub.dev\google_sign_in_android-6.2.1\
[        ] Found plugin fluttertoast at C:\Users\runneradmin\AppData\Local\Pub\Cache\hosted\pub.dev\fluttertoast-8.2.14\
[   +6 ms] Found plugin firebase_core at C:\Users\runneradmin\AppData\Local\Pub\Cache\hosted\pub.dev\firebase_core-3.15.2\
[   +1 ms] Found plugin firebase_core_web at C:\Users\runneradmin\AppData\Local\Pub\Cache\hosted\pub.dev\firebase_core_web-2.24.1\
[   +1 ms] Found plugin firebase_auth at C:\Users\runneradmin\AppData\Local\Pub\Cache\hosted\pub.dev\firebase_auth-5.7.0\
[        ] Found plugin firebase_auth_web at C:\Users\runneradmin\AppData\Local\Pub\Cache\hosted\pub.dev\firebase_auth_web-5.15.3\
[   +2 ms] Found plugin cloud_firestore at C:\Users\runneradmin\AppData\Local\Pub\Cache\hosted\pub.dev\cloud_firestore-5.6.12\
[        ] Found plugin cloud_firestore_web at C:\Users\runneradmin\AppData\Local\Pub\Cache\hosted\pub.dev\cloud_firestore_web-4.4.12\
[   +3 ms] Found plugin sqflite at C:\Users\runneradmin\AppData\Local\Pub\Cache\hosted\pub.dev\sqflite-2.4.2+1\
[   +2 ms] Found plugin sqflite_darwin at C:\Users\runneradmin\AppData\Local\Pub\Cache\hosted\pub.dev\sqflite_darwin-2.4.2\
[        ] Found plugin sqflite_android at C:\Users\runneradmin\AppData\Local\Pub\Cache\hosted\pub.dev\sqflite_android-2.4.2+3\
[   +6 ms] Generating D:\a\wedding\wedding\android\app\src\main\java\io\flutter\plugins\GeneratedPluginRegistrant.java
[  +10 ms] Skipping generating GeneratedPluginRegistrant.java because it is up-to-date.
[   +3 ms] Skipping generating generated_plugin_registrant.h because it is up-to-date.
[   +1 ms] Skipping generating generated_plugin_registrant.cc because it is up-to-date.
[   +1 ms] Skipping generating generated_plugins.cmake because it is up-to-date.
[   +1 ms] Skipping generating GeneratedPluginRegistrant.h because it is up-to-date.
[   +1 ms] Skipping generating GeneratedPluginRegistrant.m because it is up-to-date.
[  +33 ms] executing: C:\Program Files (x86)\Microsoft Visual Studio\Installer\vswhere.exe -format json -products * -utf8 -latest -version 16 -requires Microsoft.VisualStudio.Workload.NativeDesktop Microsoft.VisualStudio.Component.VC.Tools.x86.x64 Microsoft.VisualStudio.Component.VC.CMake.Project
[ +356 ms] Exit code 0 from: C:\Program Files (x86)\Microsoft Visual Studio\Installer\vswhere.exe -format json -products * -utf8 -latest -version 16 -requires Microsoft.VisualStudio.Workload.NativeDesktop Microsoft.VisualStudio.Component.VC.Tools.x86.x64 Microsoft.VisualStudio.Component.VC.CMake.Project
[        ] [
             {
               "instanceId": "425995c7",
               "installDate": "2026-06-22T22:54:09Z",
               "installationName": "VisualStudio/18.7.1+11911.148",
               "installationPath": "C:\\Program Files\\Microsoft Visual Studio\\18\\Enterprise",
               "installationVersion": "18.7.11911.148",
               "productId": "Microsoft.VisualStudio.Product.Enterprise",
               "productPath": "C:\\Program Files\\Microsoft Visual Studio\\18\\Enterprise\\Common7\\IDE\\devenv.exe",
               "state": 4294967295,
               "isComplete": true,
               "isLaunchable": true,
               "isPrerelease": false,
               "isRebootRequired": false,
               "displayName": "Visual Studio Enterprise 2026",
               "description": "Built for scale, security, and speed – the IDE for complex, high-impact development.",
               "channelId": "VisualStudio.18.Release",
               "channelUri": "https://aka.ms/vs/18/stable/channel",
               "enginePath": "C:\\Program Files (x86)\\Microsoft Visual Studio\\Installer\\resources\\app\\ServiceHub\\Services\\Microsoft.VisualStudio.Setup.Service",
               "expirationDate": "2026-12-08T17:00:00+00:00",
               "installChannelUri": "https://aka.ms/vs/18/stable/channel",
               "installedChannelId": "VisualStudio.18.Release",
               "installedChannelUri": "https://aka.ms/vs/18/stable/channel",
               "releaseNotes": "https://docs.microsoft.com/en-us/visualstudio/releases/18/release-notes-v18.7#18.7.1",
               "resolvedInstallationPath": "C:\\Program Files\\Microsoft Visual Studio\\18\\Enterprise",
               "thirdPartyNotices": "https://go.microsoft.com/fwlink/?LinkId=661480",
               "updateDate": "2026-06-22T22:54:09.8087684Z",
               "catalog": {
                 "buildBranch": "stable",
                 "buildVersion": "18.7.11911.148",
                 "featureReleaseMonth": "06",
                 "featureReleaseYear": "2026",
                 "id": "VisualStudio/18.7.1+11911.148",
                 "includeBuildVersionInDisplayVersion": "False",
                 "localBuild": "build-lab",
                 "manifestName": "VisualStudio",
                 "manifestType": "installer",
                 "productDisplayVersion": "18.7.1",
                 "productLine": "Dev18",
                 "productLineVersion": "18",
                 "productMilestone": "RTW",
                 "productMilestoneIsPreRelease": "False",
                 "productName": "Visual Studio",
                 "productPatchVersion": "1",
                 "productPreReleaseMilestoneSuffix": "1.0",
                 "productRelease": "RTW",
                 "productSemanticVersion": "18.7.1+11911.148",
                 "requiredEngineVersion": "4.7.25.22189"
               },
               "properties": {
                 "campaignId": "",
                 "channelManifestId": "VisualStudio.18.Release/18.7.1+11911.148",
                 "includeRecommended": "1",
                 "nickname": "",
                 "setupEngineFilePath": "C:\\Program Files (x86)\\Microsoft Visual Studio\\Installer\\setup.exe"
               }
             }
           ]
[   +6 ms] Building Windows application...
[   +2 ms] executing: C:\Program Files\Microsoft Visual Studio\18\Enterprise\Common7\IDE\CommonExtensions\Microsoft\CMake\CMake\bin\cmake.exe -S D:\a\wedding\wedding\windows -B D:\a\wedding\wedding\build\windows\x64 -G Visual Studio 18 2026 -A x64 -DFLUTTER_TARGET_PLATFORM=windows-x64
[+8359 ms] -- The CXX compiler identification is MSVC 19.51.36248.0
[ +108 ms] -- Detecting CXX compiler ABI info
[+1102 ms] -- Detecting CXX compiler ABI info - done
[  +27 ms] -- Check for working CXX compiler: C:/Program Files/Microsoft Visual Studio/18/Enterprise/VC/Tools/MSVC/14.51.36231/bin/Hostx64/x64/cl.exe - skipped
[   +1 ms] -- Detecting CXX compile features
[   +6 ms] -- Detecting CXX compile features - done
[ +319 ms] -- [download 0% complete]
[  +87 ms] -- [download 1% complete]
[  +18 ms] -- [download 2% complete]
[  +14 ms] -- [download 3% complete]
[  +15 ms] -- [download 4% complete]
[  +18 ms] -- [download 5% complete]
[  +18 ms] -- [download 6% complete]
[  +22 ms] -- [download 7% complete]
[  +21 ms] -- [download 8% complete]
[  +19 ms] -- [download 9% complete]
[  +21 ms] -- [download 10% complete]
[  +21 ms] -- [download 11% complete]
[  +18 ms] -- [download 12% complete]
[  +23 ms] -- [download 13% complete]
[  +19 ms] -- [download 14% complete]
[  +22 ms] -- [download 15% complete]
[  +19 ms] -- [download 16% complete]
[  +18 ms] -- [download 17% complete]
[  +19 ms] -- [download 18% complete]
[  +20 ms] -- [download 19% complete]
[  +21 ms] -- [download 20% complete]
[  +17 ms] -- [download 21% complete]
[  +19 ms] -- [download 22% complete]
[  +20 ms] -- [download 23% complete]
[  +21 ms] -- [download 24% complete]
[  +18 ms] -- [download 25% complete]
[  +19 ms] -- [download 26% complete]
[  +18 ms] -- [download 27% complete]
[  +27 ms] -- [download 28% complete]
[  +21 ms] -- [download 29% complete]
[  +18 ms] -- [download 30% complete]
[  +20 ms] -- [download 31% complete]
[  +21 ms] -- [download 32% complete]
[  +22 ms] -- [download 33% complete]
[  +19 ms] -- [download 34% complete]
[  +19 ms] -- [download 35% complete]
[  +19 ms] -- [download 36% complete]
[  +22 ms] -- [download 37% complete]
[  +23 ms] -- [download 38% complete]
[  +19 ms] -- [download 39% complete]
[  +19 ms] -- [download 40% complete]
[  +22 ms] -- [download 41% complete]
[  +20 ms] -- [download 42% complete]
[  +19 ms] -- [download 43% complete]
[  +19 ms] -- [download 44% complete]
[  +20 ms] -- [download 45% complete]
[  +20 ms] -- [download 46% complete]
[  +18 ms] -- [download 47% complete]
[  +23 ms] -- [download 48% complete]
[  +21 ms] -- [download 49% complete]
[  +27 ms] -- [download 50% complete]
[  +19 ms] -- [download 51% complete]
[  +19 ms] -- [download 52% complete]
[  +21 ms] -- [download 53% complete]
[  +21 ms] -- [download 54% complete]
[  +20 ms] -- [download 55% complete]
[  +18 ms] -- [download 56% complete]
[  +24 ms] -- [download 57% complete]
[  +22 ms] -- [download 58% complete]
[  +27 ms] -- [download 59% complete]
[  +21 ms] -- [download 60% complete]
[  +19 ms] -- [download 61% complete]
[  +20 ms] -- [download 62% complete]
[  +23 ms] -- [download 63% complete]
[  +21 ms] -- [download 64% complete]
[  +26 ms] -- [download 65% complete]
[  +24 ms] -- [download 66% complete]
[  +25 ms] -- [download 67% complete]
[  +27 ms] -- [download 68% complete]
[  +23 ms] -- [download 69% complete]
[  +22 ms] -- [download 70% complete]
[  +21 ms] -- [download 71% complete]
[  +27 ms] -- [download 72% complete]
[  +25 ms] -- [download 73% complete]
[  +24 ms] -- [download 74% complete]
[  +20 ms] -- [download 75% complete]
[  +27 ms] -- [download 76% complete]
[  +21 ms] -- [download 77% complete]
[  +20 ms] -- [download 78% complete]
[  +20 ms] -- [download 79% complete]
[  +22 ms] -- [download 80% complete]
[  +22 ms] -- [download 81% complete]
[  +17 ms] -- [download 82% complete]
[  +19 ms] -- [download 83% complete]
[  +20 ms] -- [download 84% complete]
[  +23 ms] -- [download 85% complete]
[  +25 ms] -- [download 86% complete]
[  +25 ms] -- [download 87% complete]
[  +20 ms] -- [download 88% complete]
[  +27 ms] -- [download 89% complete]
[  +25 ms] -- [download 90% complete]
[  +18 ms] -- [download 91% complete]
[  +19 ms] -- [download 92% complete]
[  +19 ms] -- [download 93% complete]
[  +21 ms] -- [download 94% complete]
[  +17 ms] -- [download 95% complete]
[  +19 ms] -- [download 96% complete]
[  +19 ms] -- [download 97% complete]
[  +22 ms] -- [download 98% complete]
[  +21 ms] -- [download 99% complete]
[  +19 ms] -- [download 100% complete]
[+25100 ms] CMake Error at D:/a/wedding/wedding/build/windows/x64/extracted/firebase_cpp_sdk_windows/CMakeLists.txt:17 (cmake_minimum_required):
[        ] -- Configuring incomplete, errors occurred!
[   +1 ms]   Compatibility with CMake < 3.5 has been removed from CMake.
[        ]   Update the VERSION argument <min> value.  Or, use the <min>...<max> syntax
[        ]   to tell CMake that the project requires at least <min> but has been updated
[        ]   to work with policies introduced by <max> or earlier.
[        ]   Or, add -DCMAKE_POLICY_VERSION_MINIMUM=3.5 to try configuring anyway.
[ +141 ms] Building Windows application... (completed in 37.4s)
[        ] "flutter windows" took 38,838ms.
[   +7 ms] Unable to generate build files
[        ] 
           #0      throwToolExit (package:flutter_tools/src/base/common.dart:34:3)
           #1      _runCmakeGeneration (package:flutter_tools/src/windows/build_windows.dart:209:5)
           <asynchronous suspension>
           #2      buildWindows (package:flutter_tools/src/windows/build_windows.dart:105:5)
           <asynchronous suspension>
           #3      BuildWindowsCommand.runCommand (package:flutter_tools/src/commands/build_windows.dart:72:5)
           <asynchronous suspension>
           #4      FlutterCommand.run.<anonymous closure> (package:flutter_tools/src/runner/flutter_command.dart:1590:27)
           <asynchronous suspension>
           #5      AppContext.run.<anonymous closure> (package:flutter_tools/src/base/context.dart:154:19)
           <asynchronous suspension>
           #6      CommandRunner.runCommand (package:args/command_runner.dart:212:13)
           <asynchronous suspension>
           #7      FlutterCommandRunner.runCommand.<anonymous closure> (package:flutter_tools/src/runner/flutter_command_runner.dart:496:9)
           <asynchronous suspension>
           #8      AppContext.run.<anonymous closure> (package:flutter_tools/src/base/context.dart:154:19)
           <asynchronous suspension>
           #9      FlutterCommandRunner.runCommand (package:flutter_tools/src/runner/flutter_command_runner.dart:431:5)
           <asynchronous suspension>
           #10     FlutterCommandRunner.run.<anonymous closure> (package:flutter_tools/src/runner/flutter_command_runner.dart:307:33)
           <asynchronous suspension>
           #11     run.<anonymous closure>.<anonymous closure> (package:flutter_tools/runner.dart:104:11)
           <asynchronous suspension>
           #12     AppContext.run.<anonymous closure> (package:flutter_tools/src/base/context.dart:154:19)
           <asynchronous suspension>
           #13     main (package:flutter_tools/executable.dart:103:3)
           <asynchronous suspension>


[        ] Running 1 shutdown hook
[        ] Shutdown hooks complete
[        ] exiting with code 1
